2022-09-22 19:28:35,037:DEBUG:certbot._internal.main:certbot version: 1.30.0
2022-09-22 19:28:35,037:DEBUG:certbot._internal.main:Location of certbot entry point: /usr/local/bin/certbot
2022-09-22 19:28:35,037:DEBUG:certbot._internal.main:Arguments: ['--webroot', '--webroot-path=/var/www/certbot', '--email', 'your-email@domain.com', '--agree-tos', '--no-eff-email', '-d', 'domain.com', '-d', 'www.domain.com']
2022-09-22 19:28:35,038:DEBUG:certbot._internal.main:Discovered plugins: PluginsRegistry(PluginEntryPoint#manual,PluginEntryPoint#null,PluginEntryPoint#standalone,PluginEntryPoint#webroot)
2022-09-22 19:28:35,051:DEBUG:certbot._internal.log:Root logging level set at 30
2022-09-22 19:28:35,051:DEBUG:certbot._internal.plugins.selection:Requested authenticator webroot and installer None
2022-09-22 19:28:35,054:DEBUG:certbot._internal.plugins.selection:Single candidate plugin: * webroot
Description: Place files in webroot directory
Interfaces: Authenticator, Plugin
Entry point: webroot = certbot._internal.plugins.webroot:Authenticator
Initialized: <certbot._internal.plugins.webroot.Authenticator object at 0x7f6cfa227970>
Prep: True
2022-09-22 19:28:35,054:DEBUG:certbot._internal.plugins.selection:Selected authenticator <certbot._internal.plugins.webroot.Authenticator object at 0x7f6cfa227970> and installer None
2022-09-22 19:28:35,054:INFO:certbot._internal.plugins.selection:Plugins selected: Authenticator webroot, Installer None
2022-09-22 19:28:35,090:DEBUG:certbot._internal.main:Picked account: <Account(RegistrationResource(body=Registration(key=None, contact=(), agreement=None, status=None, terms_of_service_agreed=None, only_return_existing=None, external_account_binding=None), uri='https://acme-v02.api.letsencrypt.org/acme/acct/744052787', new_authzr_uri=None, terms_of_service=None), 203da7f941ed4be596168702629a689a, Meta(creation_dt=datetime.datetime(2022, 9, 22, 19, 23, 53, tzinfo=<UTC>), creation_host='4478fff3621c', register_to_eff=None))>
2022-09-22 19:28:35,091:DEBUG:acme.client:Sending GET request to https://acme-v02.api.letsencrypt.org/directory.
2022-09-22 19:28:35,092:DEBUG:urllib3.connectionpool:Starting new HTTPS connection (1): acme-v02.api.letsencrypt.org:443
2022-09-22 19:28:35,731:DEBUG:urllib3.connectionpool:https://acme-v02.api.letsencrypt.org:443 "GET /directory HTTP/1.1" 200 659
2022-09-22 19:28:35,732:DEBUG:acme.client:Received response:
HTTP 200
Server: nginx
Date: Thu, 22 Sep 2022 19:28:35 GMT
Content-Type: application/json
Content-Length: 659
Connection: keep-alive
Cache-Control: public, max-age=0, no-cache
X-Frame-Options: DENY
Strict-Transport-Security: max-age=604800

{
  "_lAd_eZvVqU": "https://community.letsencrypt.org/t/adding-random-entries-to-the-directory/33417",
  "keyChange": "https://acme-v02.api.letsencrypt.org/acme/key-change",
  "meta": {
    "caaIdentities": [
      "letsencrypt.org"
    ],
    "termsOfService": "https://letsencrypt.org/documents/LE-SA-v1.3-September-21-2022.pdf",
    "website": "https://letsencrypt.org"
  },
  "newAccount": "https://acme-v02.api.letsencrypt.org/acme/new-acct",
  "newNonce": "https://acme-v02.api.letsencrypt.org/acme/new-nonce",
  "newOrder": "https://acme-v02.api.letsencrypt.org/acme/new-order",
  "revokeCert": "https://acme-v02.api.letsencrypt.org/acme/revoke-cert"
}
2022-09-22 19:28:35,732:DEBUG:certbot._internal.display.obj:Notifying user: Requesting a certificate for domain.com and www.domain.com
2022-09-22 19:28:35,874:DEBUG:certbot.crypto_util:Generating RSA key (2048 bits): /etc/letsencrypt/keys/0001_key-certbot.pem
2022-09-22 19:28:35,878:DEBUG:certbot.crypto_util:Creating CSR: /etc/letsencrypt/csr/0001_csr-certbot.pem
2022-09-22 19:28:35,879:DEBUG:acme.client:Requesting fresh nonce
2022-09-22 19:28:35,879:DEBUG:acme.client:Sending HEAD request to https://acme-v02.api.letsencrypt.org/acme/new-nonce.
2022-09-22 19:28:36,141:DEBUG:urllib3.connectionpool:https://acme-v02.api.letsencrypt.org:443 "HEAD /acme/new-nonce HTTP/1.1" 200 0
2022-09-22 19:28:36,141:DEBUG:acme.client:Received response:
HTTP 200
Server: nginx
Date: Thu, 22 Sep 2022 19:28:35 GMT
Connection: keep-alive
Cache-Control: public, max-age=0, no-cache
Link: <https://acme-v02.api.letsencrypt.org/directory>;rel="index"
Replay-Nonce: 0002rNdmVo7uBtCO2dgoSxhiKmSLMTVmdY0SM1eIac2c3uk
X-Frame-Options: DENY
Strict-Transport-Security: max-age=604800


2022-09-22 19:28:36,141:DEBUG:acme.client:Storing nonce: 0002rNdmVo7uBtCO2dgoSxhiKmSLMTVmdY0SM1eIac2c3uk
2022-09-22 19:28:36,141:DEBUG:acme.client:JWS payload:
b'{\n  "identifiers": [\n    {\n      "type": "dns",\n      "value": "domain.com"\n    },\n    {\n      "type": "dns",\n      "value": "www.domain.com"\n    }\n  ]\n}'
2022-09-22 19:28:36,143:DEBUG:acme.client:Sending POST request to https://acme-v02.api.letsencrypt.org/acme/new-order:
{
  "protected": "eyJhbGciOiAiUlMyNTYiLCAia2lkIjogImh0dHBzOi8vYWNtZS12MDIuYXBpLmxldHNlbmNyeXB0Lm9yZy9hY21lL2FjY3QvNzQ0MDUyNzg3IiwgIm5vbmNlIjogIjAwMDJyTmRtVm83dUJ0Q08yZGdvU3hoaUttU0xNVFZtZFkwU00xZUlhYzJjM3VrIiwgInVybCI6ICJodHRwczovL2FjbWUtdjAyLmFwaS5sZXRzZW5jcnlwdC5vcmcvYWNtZS9uZXctb3JkZXIifQ",
  "signature": "strF0tkb0CcnvMVc_56z8O8OmL0lkAq6pyn7FlaSLpnA5u0KjpZj3e_Xc1iodtQ6u2X2qeTfBTvZcFkS-2waeTsoXGEaruFWApwRB_-9hwB6q3kj4H8snrSHLyhFt1WjGnMVp99N7Iv2UdsTOVyrZjyCLj_yqxBxBDCfCtgDi5u59JFiFkeFaQGqJqQOAU8IA_4PlNksJwWJqiYM10CTN3KOdm0B-KgslTCRUGmNqYswtD7n1RhQddlNRYvFhBnF7zlJqdLxV3pkU2SqSUZ9vSGmY3K1CJkw1OvMnTrv0XsNmjRnSnHTTJYrrqzSUagY4gGWqHHFsyl5IZ7aeMXv4w",
  "payload": "ewogICJpZGVudGlmaWVycyI6IFsKICAgIHsKICAgICAgInR5cGUiOiAiZG5zIiwKICAgICAgInZhbHVlIjogImRvbWFpbi5jb20iCiAgICB9LAogICAgewogICAgICAidHlwZSI6ICJkbnMiLAogICAgICAidmFsdWUiOiAid3d3LmRvbWFpbi5jb20iCiAgICB9CiAgXQp9"
}
2022-09-22 19:28:36,449:DEBUG:urllib3.connectionpool:https://acme-v02.api.letsencrypt.org:443 "POST /acme/new-order HTTP/1.1" 201 472
2022-09-22 19:28:36,449:DEBUG:acme.client:Received response:
HTTP 201
Server: nginx
Date: Thu, 22 Sep 2022 19:28:36 GMT
Content-Type: application/json
Content-Length: 472
Connection: keep-alive
Boulder-Requester: 744052787
Cache-Control: public, max-age=0, no-cache
Link: <https://acme-v02.api.letsencrypt.org/directory>;rel="index"
Location: https://acme-v02.api.letsencrypt.org/acme/order/744052787/127924845467
Replay-Nonce: 0001oft6cIQ5MnmiGjJXfRHhH49bLGSjhNgyEGq-Mf2zPqc
X-Frame-Options: DENY
Strict-Transport-Security: max-age=604800

{
  "status": "pending",
  "expires": "2022-09-29T19:28:36Z",
  "identifiers": [
    {
      "type": "dns",
      "value": "domain.com"
    },
    {
      "type": "dns",
      "value": "www.domain.com"
    }
  ],
  "authorizations": [
    "https://acme-v02.api.letsencrypt.org/acme/authz-v3/156396442917",
    "https://acme-v02.api.letsencrypt.org/acme/authz-v3/156396442927"
  ],
  "finalize": "https://acme-v02.api.letsencrypt.org/acme/finalize/744052787/127924845467"
}
2022-09-22 19:28:36,449:DEBUG:acme.client:Storing nonce: 0001oft6cIQ5MnmiGjJXfRHhH49bLGSjhNgyEGq-Mf2zPqc
2022-09-22 19:28:36,449:DEBUG:acme.client:JWS payload:
b''
2022-09-22 19:28:36,450:DEBUG:acme.client:Sending POST request to https://acme-v02.api.letsencrypt.org/acme/authz-v3/156396442917:
{
  "protected": "eyJhbGciOiAiUlMyNTYiLCAia2lkIjogImh0dHBzOi8vYWNtZS12MDIuYXBpLmxldHNlbmNyeXB0Lm9yZy9hY21lL2FjY3QvNzQ0MDUyNzg3IiwgIm5vbmNlIjogIjAwMDFvZnQ2Y0lRNU1ubWlHakpYZlJIaEg0OWJMR1NqaE5neUVHcS1NZjJ6UHFjIiwgInVybCI6ICJodHRwczovL2FjbWUtdjAyLmFwaS5sZXRzZW5jcnlwdC5vcmcvYWNtZS9hdXRoei12My8xNTYzOTY0NDI5MTcifQ",
  "signature": "eQcTJ8uRl68egdtV1FhQXQO5qcUn3eXgqZj0EecaxoUTvCoZHPbnqxjmaMfI7CR8u1qxyL_RAfHN9qi30xiSe4njeXdnOCPqKj04WZOEW5oJyuZ0t-8G20BpnW0NASRuKQMYpGZlNxJjaxPZHqdt239tCk3kHPD6J0Fad6HlIubO31lXwzkoHvJnM4kd9y82RDDWmCeSIsAvHT224hu6RLjguX3-DsMO4Q6cEiufygViNFsvnM9fYI7wG2-SqY7DWPak1NSyT2LKgOlvXgocGFgocSnE_Aj4cLeUpO6UL9C1_o-HJaOCzNSD6RLvqAUwPZ0eVuc9JX1jptXX7xGe3g",
  "payload": ""
}
2022-09-22 19:28:36,653:DEBUG:urllib3.connectionpool:https://acme-v02.api.letsencrypt.org:443 "POST /acme/authz-v3/156396442917 HTTP/1.1" 200 794
2022-09-22 19:28:36,654:DEBUG:acme.client:Received response:
HTTP 200
Server: nginx
Date: Thu, 22 Sep 2022 19:28:36 GMT
Content-Type: application/json
Content-Length: 794
Connection: keep-alive
Boulder-Requester: 744052787
Cache-Control: public, max-age=0, no-cache
Link: <https://acme-v02.api.letsencrypt.org/directory>;rel="index"
Replay-Nonce: 00019ENqrmtp4Zbq9Xc-U4c_tgR5wpkXIalpCUu1D0IohXE
X-Frame-Options: DENY
Strict-Transport-Security: max-age=604800

{
  "identifier": {
    "type": "dns",
    "value": "domain.com"
  },
  "status": "pending",
  "expires": "2022-09-29T19:28:36Z",
  "challenges": [
    {
      "type": "http-01",
      "status": "pending",
      "url": "https://acme-v02.api.letsencrypt.org/acme/chall-v3/156396442917/ETUCCg",
      "token": "RQYzUQ9eZ_6or3S88EFV3bYtbqrZuomkcz1SEv83gl4"
    },
    {
      "type": "dns-01",
      "status": "pending",
      "url": "https://acme-v02.api.letsencrypt.org/acme/chall-v3/156396442917/7cwPGg",
      "token": "RQYzUQ9eZ_6or3S88EFV3bYtbqrZuomkcz1SEv83gl4"
    },
    {
      "type": "tls-alpn-01",
      "status": "pending",
      "url": "https://acme-v02.api.letsencrypt.org/acme/chall-v3/156396442917/l1YLmQ",
      "token": "RQYzUQ9eZ_6or3S88EFV3bYtbqrZuomkcz1SEv83gl4"
    }
  ]
}
2022-09-22 19:28:36,654:DEBUG:acme.client:Storing nonce: 00019ENqrmtp4Zbq9Xc-U4c_tgR5wpkXIalpCUu1D0IohXE
2022-09-22 19:28:36,654:DEBUG:acme.client:JWS payload:
b''
2022-09-22 19:28:36,655:DEBUG:acme.client:Sending POST request to https://acme-v02.api.letsencrypt.org/acme/authz-v3/156396442927:
{
  "protected": "eyJhbGciOiAiUlMyNTYiLCAia2lkIjogImh0dHBzOi8vYWNtZS12MDIuYXBpLmxldHNlbmNyeXB0Lm9yZy9hY21lL2FjY3QvNzQ0MDUyNzg3IiwgIm5vbmNlIjogIjAwMDE5RU5xcm10cDRaYnE5WGMtVTRjX3RnUjV3cGtYSWFscENVdTFEMElvaFhFIiwgInVybCI6ICJodHRwczovL2FjbWUtdjAyLmFwaS5sZXRzZW5jcnlwdC5vcmcvYWNtZS9hdXRoei12My8xNTYzOTY0NDI5MjcifQ",
  "signature": "PKrt3IAkC9m31fqd2ZC9KzCn3w8Z-aKSuzIcinZa6MEWnlUjeblIUhsSiXGRjeJQ49S9Qdu7142Voplp_-NIVmVdTsqcoguKug7c7I70kyjEyrZKgE0rwp1_QDyYfTLwghrVzExAsnrQNmGIRzSltSrrCCTVAR_Ypi0yvg8OGVTV0EHedWmZoCgTinCaZA0w-0mEYXgj7J2grvOeXgsI3biSbW5GxZdt_-aswoci9bRagQEwyogk0M80SI1G2M624wJXM1bG9j8aWzcSyqyeirVo9-ZOyknzFnmO74NKNh6cyQfHD962OIW2tLDW2qYtQ5sYnTDLYASij-xCn_va7g",
  "payload": ""
}
2022-09-22 19:28:36,858:DEBUG:urllib3.connectionpool:https://acme-v02.api.letsencrypt.org:443 "POST /acme/authz-v3/156396442927 HTTP/1.1" 200 798
2022-09-22 19:28:36,858:DEBUG:acme.client:Received response:
HTTP 200
Server: nginx
Date: Thu, 22 Sep 2022 19:28:36 GMT
Content-Type: application/json
Content-Length: 798
Connection: keep-alive
Boulder-Requester: 744052787
Cache-Control: public, max-age=0, no-cache
Link: <https://acme-v02.api.letsencrypt.org/directory>;rel="index"
Replay-Nonce: 0002I5wSKIifFqsgKSFv6MnVdfIdtAYfzI-RtpeuOYXr55E
X-Frame-Options: DENY
Strict-Transport-Security: max-age=604800

{
  "identifier": {
    "type": "dns",
    "value": "www.domain.com"
  },
  "status": "pending",
  "expires": "2022-09-29T19:28:36Z",
  "challenges": [
    {
      "type": "http-01",
      "status": "pending",
      "url": "https://acme-v02.api.letsencrypt.org/acme/chall-v3/156396442927/bi-x2A",
      "token": "i-_3Ku0-l28wVvD1Ib_PnAOGvZVOrxlvhn3AUOEQi60"
    },
    {
      "type": "dns-01",
      "status": "pending",
      "url": "https://acme-v02.api.letsencrypt.org/acme/chall-v3/156396442927/93Kb0Q",
      "token": "i-_3Ku0-l28wVvD1Ib_PnAOGvZVOrxlvhn3AUOEQi60"
    },
    {
      "type": "tls-alpn-01",
      "status": "pending",
      "url": "https://acme-v02.api.letsencrypt.org/acme/chall-v3/156396442927/vNUDFg",
      "token": "i-_3Ku0-l28wVvD1Ib_PnAOGvZVOrxlvhn3AUOEQi60"
    }
  ]
}
2022-09-22 19:28:36,858:DEBUG:acme.client:Storing nonce: 0002I5wSKIifFqsgKSFv6MnVdfIdtAYfzI-RtpeuOYXr55E
2022-09-22 19:28:36,859:INFO:certbot._internal.auth_handler:Performing the following challenges:
2022-09-22 19:28:36,859:INFO:certbot._internal.auth_handler:http-01 challenge for domain.com
2022-09-22 19:28:36,859:INFO:certbot._internal.auth_handler:http-01 challenge for www.domain.com
2022-09-22 19:28:36,859:INFO:certbot._internal.plugins.webroot:Using the webroot path /var/www/certbot for all unmatched domains.
2022-09-22 19:28:36,859:DEBUG:certbot._internal.plugins.webroot:Creating root challenges validation dir at /var/www/certbot/.well-known/acme-challenge
2022-09-22 19:28:36,859:DEBUG:certbot._internal.plugins.webroot:Creating root challenges validation dir at /var/www/certbot/.well-known/acme-challenge
2022-09-22 19:28:36,860:DEBUG:certbot._internal.plugins.webroot:Attempting to save validation to /var/www/certbot/.well-known/acme-challenge/RQYzUQ9eZ_6or3S88EFV3bYtbqrZuomkcz1SEv83gl4
2022-09-22 19:28:36,860:DEBUG:certbot._internal.plugins.webroot:Attempting to save validation to /var/www/certbot/.well-known/acme-challenge/i-_3Ku0-l28wVvD1Ib_PnAOGvZVOrxlvhn3AUOEQi60
2022-09-22 19:28:36,861:DEBUG:acme.client:JWS payload:
b'{}'
2022-09-22 19:28:36,862:DEBUG:acme.client:Sending POST request to https://acme-v02.api.letsencrypt.org/acme/chall-v3/156396442917/ETUCCg:
{
  "protected": "eyJhbGciOiAiUlMyNTYiLCAia2lkIjogImh0dHBzOi8vYWNtZS12MDIuYXBpLmxldHNlbmNyeXB0Lm9yZy9hY21lL2FjY3QvNzQ0MDUyNzg3IiwgIm5vbmNlIjogIjAwMDJJNXdTS0lpZkZxc2dLU0Z2Nk1uVmRmSWR0QVlmekktUnRwZXVPWVhyNTVFIiwgInVybCI6ICJodHRwczovL2FjbWUtdjAyLmFwaS5sZXRzZW5jcnlwdC5vcmcvYWNtZS9jaGFsbC12My8xNTYzOTY0NDI5MTcvRVRVQ0NnIn0",
  "signature": "oPfjO_lCVNhy5WMUel6_dvYMvgKNp8vAlk7pSMzo7GIpcSpDLFrmK68s3PGdslny8JTBvnw4n9WtKZXfVUzIEcclvAh8sasqKYPveXuvX0OkN0rfnmqDG342HORMZezLX9cYstTIEnBKvDoAZgMcqFoMw0UgU_O3zd6tu7-isDWDZWIUhLTvmF1rKZ5jgW0b9qDJBZNp0GalQ0YDa9tm77V0Rc8pgVC-zSrTMkoN4z8eJLRoB0PFIAmwPUmA1D_IdLUnzPF4tn9bwCujuT1ZO5XQG_V_KwLZZHBnYVI7kBOGS2NulIwvMfvRVt0pXESWRU3T--LUIst0oHJX-MQojQ",
  "payload": "e30"
}
2022-09-22 19:28:37,062:DEBUG:urllib3.connectionpool:https://acme-v02.api.letsencrypt.org:443 "POST /acme/chall-v3/156396442917/ETUCCg HTTP/1.1" 200 187
2022-09-22 19:28:37,063:DEBUG:acme.client:Received response:
HTTP 200
Server: nginx
Date: Thu, 22 Sep 2022 19:28:36 GMT
Content-Type: application/json
Content-Length: 187
Connection: keep-alive
Boulder-Requester: 744052787
Cache-Control: public, max-age=0, no-cache
Link: <https://acme-v02.api.letsencrypt.org/directory>;rel="index", <https://acme-v02.api.letsencrypt.org/acme/authz-v3/156396442917>;rel="up"
Location: https://acme-v02.api.letsencrypt.org/acme/chall-v3/156396442917/ETUCCg
Replay-Nonce: 00020tSCK6sfLN4uTsM2UPwzqZ2am_k2Re9awapO5ot3Yng
X-Frame-Options: DENY
Strict-Transport-Security: max-age=604800

{
  "type": "http-01",
  "status": "pending",
  "url": "https://acme-v02.api.letsencrypt.org/acme/chall-v3/156396442917/ETUCCg",
  "token": "RQYzUQ9eZ_6or3S88EFV3bYtbqrZuomkcz1SEv83gl4"
}
2022-09-22 19:28:37,063:DEBUG:acme.client:Storing nonce: 00020tSCK6sfLN4uTsM2UPwzqZ2am_k2Re9awapO5ot3Yng
2022-09-22 19:28:37,063:DEBUG:acme.client:JWS payload:
b'{}'
2022-09-22 19:28:37,064:DEBUG:acme.client:Sending POST request to https://acme-v02.api.letsencrypt.org/acme/chall-v3/156396442927/bi-x2A:
{
  "protected": "eyJhbGciOiAiUlMyNTYiLCAia2lkIjogImh0dHBzOi8vYWNtZS12MDIuYXBpLmxldHNlbmNyeXB0Lm9yZy9hY21lL2FjY3QvNzQ0MDUyNzg3IiwgIm5vbmNlIjogIjAwMDIwdFNDSzZzZkxONHVUc00yVVB3enFaMmFtX2syUmU5YXdhcE81b3QzWW5nIiwgInVybCI6ICJodHRwczovL2FjbWUtdjAyLmFwaS5sZXRzZW5jcnlwdC5vcmcvYWNtZS9jaGFsbC12My8xNTYzOTY0NDI5MjcvYmkteDJBIn0",
  "signature": "i0xSmMyBdEZ4NcVyQsbQXnTi5kJ4Vzi8KZdbTGdbt4YHwECaACX2JLDyG39nAO_2jGCxl1Nity1C0u0QJO29c3KPsnPplYGIQJMmLB5HiX-5GOsAfLafsaxepCUuVmpF3YLHgAQzADfsDRsNQi-mUtXpkDLt6-eEJFKezEkua1xRiOE4FNYIomUVD_y5N0e4zZChFo60qNhHx9Sdo4EQizBVJkbmSBNDZcimigEw-YLzykV8pIAXt2m0GoRR8OuZfrHYPkQ7UIALQsEpXAJB7NXae7h4h4yAyrZ5wKpbXO-IpToDALvNRxT31ezRinJ0tdeDrhRVUQwItct_tl8U2Q",
  "payload": "e30"
}
2022-09-22 19:28:37,267:DEBUG:urllib3.connectionpool:https://acme-v02.api.letsencrypt.org:443 "POST /acme/chall-v3/156396442927/bi-x2A HTTP/1.1" 200 187
2022-09-22 19:28:37,267:DEBUG:acme.client:Received response:
HTTP 200
Server: nginx
Date: Thu, 22 Sep 2022 19:28:37 GMT
Content-Type: application/json
Content-Length: 187
Connection: keep-alive
Boulder-Requester: 744052787
Cache-Control: public, max-age=0, no-cache
Link: <https://acme-v02.api.letsencrypt.org/directory>;rel="index", <https://acme-v02.api.letsencrypt.org/acme/authz-v3/156396442927>;rel="up"
Location: https://acme-v02.api.letsencrypt.org/acme/chall-v3/156396442927/bi-x2A
Replay-Nonce: 0001wsv_YXrk_puVlGFNCRiakljpG7hwoF5z_nwRM4uVPLE
X-Frame-Options: DENY
Strict-Transport-Security: max-age=604800

{
  "type": "http-01",
  "status": "pending",
  "url": "https://acme-v02.api.letsencrypt.org/acme/chall-v3/156396442927/bi-x2A",
  "token": "i-_3Ku0-l28wVvD1Ib_PnAOGvZVOrxlvhn3AUOEQi60"
}
2022-09-22 19:28:37,267:DEBUG:acme.client:Storing nonce: 0001wsv_YXrk_puVlGFNCRiakljpG7hwoF5z_nwRM4uVPLE
2022-09-22 19:28:37,268:INFO:certbot._internal.auth_handler:Waiting for verification...
2022-09-22 19:28:38,269:DEBUG:acme.client:JWS payload:
b''
2022-09-22 19:28:38,270:DEBUG:acme.client:Sending POST request to https://acme-v02.api.letsencrypt.org/acme/authz-v3/156396442917:
{
  "protected": "eyJhbGciOiAiUlMyNTYiLCAia2lkIjogImh0dHBzOi8vYWNtZS12MDIuYXBpLmxldHNlbmNyeXB0Lm9yZy9hY21lL2FjY3QvNzQ0MDUyNzg3IiwgIm5vbmNlIjogIjAwMDF3c3ZfWVhya19wdVZsR0ZOQ1JpYWtsanBHN2h3b0Y1el9ud1JNNHVWUExFIiwgInVybCI6ICJodHRwczovL2FjbWUtdjAyLmFwaS5sZXRzZW5jcnlwdC5vcmcvYWNtZS9hdXRoei12My8xNTYzOTY0NDI5MTcifQ",
  "signature": "HmjZoLhug8UgbKiEDvCyvnY66QuYAZICx6EkXEzXqMLGYgrBguxmiMDCMUMK7BGzHLzS4DZp6C7yKEJLgGVNnSabPfYZ5vy3608kOZwNnnXgq6vRvPjhe-x1X4JUPeFRJvt9XfqN7hs_iYZ21-c5m_fuQff2FOB6foTMPREkMYkV_hR0_ygJKwCbIVtD93xji9rwL9-7v2zbNB-G2xNlDuGubifRzY0Nj1zsRC7gQfOUxohR9QoVA0Q0ysljzQBQp1v-b3hn6SJU7rkbZguuOUjMRFYF3fNJCxfUGhDR12zPrMNyQoRaqjAJCP9IUv2VuihdMxCsbIRW-a4oeHw-dw",
  "payload": ""
}
2022-09-22 19:28:38,473:DEBUG:urllib3.connectionpool:https://acme-v02.api.letsencrypt.org:443 "POST /acme/authz-v3/156396442917 HTTP/1.1" 200 1957
2022-09-22 19:28:38,473:DEBUG:acme.client:Received response:
HTTP 200
Server: nginx
Date: Thu, 22 Sep 2022 19:28:38 GMT
Content-Type: application/json
Content-Length: 1957
Connection: keep-alive
Boulder-Requester: 744052787
Cache-Control: public, max-age=0, no-cache
Link: <https://acme-v02.api.letsencrypt.org/directory>;rel="index"
Replay-Nonce: 0001xtEhG2xtPJ7pYPIufHX6t7uNNjAqEQ-zP8yE9JP0MEE
X-Frame-Options: DENY
Strict-Transport-Security: max-age=604800

{
  "identifier": {
    "type": "dns",
    "value": "domain.com"
  },
  "status": "invalid",
  "expires": "2022-09-29T19:28:36Z",
  "challenges": [
    {
      "type": "http-01",
      "status": "invalid",
      "error": {
        "type": "urn:ietf:params:acme:error:unauthorized",
        "detail": "18.221.195.49: Invalid response from https://www.domain.com/?: \"\u003c!DOCTYPE html\u003e\u003chtml lang=\\\"en\\\"\u003e\u003chead\u003e\u003cscript\u003edataLayer = [{\\\"pageApplication\\\":\\\"front_of_site\\\",\\\"pageType\\\":\\\"homepage\\\",\\\"pageClass\\\":\\\"\"",
        "status": 403
      },
      "url": "https://acme-v02.api.letsencrypt.org/acme/chall-v3/156396442917/ETUCCg",
      "token": "RQYzUQ9eZ_6or3S88EFV3bYtbqrZuomkcz1SEv83gl4",
      "validationRecord": [
        {
          "url": "http://domain.com/.well-known/acme-challenge/RQYzUQ9eZ_6or3S88EFV3bYtbqrZuomkcz1SEv83gl4",
          "hostname": "domain.com",
          "port": "80",
          "addressesResolved": [
            "18.221.195.49"
          ],
          "addressUsed": "18.221.195.49"
        },
        {
          "url": "https://www.domain.com/.well-known/acme-challenge/RQYzUQ9eZ_6or3S88EFV3bYtbqrZuomkcz1SEv83gl4",
          "hostname": "www.domain.com",
          "port": "443",
          "addressesResolved": [
            "18.221.195.49"
          ],
          "addressUsed": "18.221.195.49"
        },
        {
          "url": "http://www.domain.com/?",
          "hostname": "www.domain.com",
          "port": "80",
          "addressesResolved": [
            "18.221.195.49"
          ],
          "addressUsed": "18.221.195.49"
        },
        {
          "url": "https://www.domain.com/?",
          "hostname": "www.domain.com",
          "port": "443",
          "addressesResolved": [
            "18.221.195.49"
          ],
          "addressUsed": "18.221.195.49"
        }
      ],
      "validated": "2022-09-22T19:28:36Z"
    }
  ]
}
2022-09-22 19:28:38,473:DEBUG:acme.client:Storing nonce: 0001xtEhG2xtPJ7pYPIufHX6t7uNNjAqEQ-zP8yE9JP0MEE
2022-09-22 19:28:38,474:DEBUG:acme.client:JWS payload:
b''
2022-09-22 19:28:38,474:DEBUG:acme.client:Sending POST request to https://acme-v02.api.letsencrypt.org/acme/authz-v3/156396442927:
{
  "protected": "eyJhbGciOiAiUlMyNTYiLCAia2lkIjogImh0dHBzOi8vYWNtZS12MDIuYXBpLmxldHNlbmNyeXB0Lm9yZy9hY21lL2FjY3QvNzQ0MDUyNzg3IiwgIm5vbmNlIjogIjAwMDF4dEVoRzJ4dFBKN3BZUEl1ZkhYNnQ3dU5OakFxRVEtelA4eUU5SlAwTUVFIiwgInVybCI6ICJodHRwczovL2FjbWUtdjAyLmFwaS5sZXRzZW5jcnlwdC5vcmcvYWNtZS9hdXRoei12My8xNTYzOTY0NDI5MjcifQ",
  "signature": "vJl3GrWcNHluEKAMo17SkxGLO6tUgMZsWb4NIKWt3guKw2NZ0kM63lblH3cGgZS7giCHy_P5yDVAnI4pXJMJ9TMo8Ry6oIe6Qh2oNxyqFNMO1XPfx7NGGxYYky24IiiW9zBLmgmrAHiNKiCNq3Udzk_k56gEW8egc1lHIzeLiMgrfXu1szRo-wHNREP8oPbz8Sm14kH9GfyV9sI0Ia8aHxXSjPVaqNWF1kB3pSsF85Vw6f6dWSINBa4Kn_-uuBZwB_PlhPCGKvenc10S-Xa-TNfkppitKwg1hYumnatWpZ_hRcgNDueuvVl5rPk08rBIi-YNCA4tBveIuddGCxCJVg",
  "payload": ""
}
2022-09-22 19:28:38,701:DEBUG:urllib3.connectionpool:https://acme-v02.api.letsencrypt.org:443 "POST /acme/authz-v3/156396442927 HTTP/1.1" 200 1969
2022-09-22 19:28:38,701:DEBUG:acme.client:Received response:
HTTP 200
Server: nginx
Date: Thu, 22 Sep 2022 19:28:38 GMT
Content-Type: application/json
Content-Length: 1969
Connection: keep-alive
Boulder-Requester: 744052787
Cache-Control: public, max-age=0, no-cache
Link: <https://acme-v02.api.letsencrypt.org/directory>;rel="index"
Replay-Nonce: 0002IM4fpJeDo7vKkjPxhQJjI44Ugs4hrC97iBe5MJa1egc
X-Frame-Options: DENY
Strict-Transport-Security: max-age=604800

{
  "identifier": {
    "type": "dns",
    "value": "www.domain.com"
  },
  "status": "invalid",
  "expires": "2022-09-29T19:28:36Z",
  "challenges": [
    {
      "type": "http-01",
      "status": "invalid",
      "error": {
        "type": "urn:ietf:params:acme:error:unauthorized",
        "detail": "18.221.195.49: Invalid response from https://www.domain.com/?: \"\u003c!DOCTYPE html\u003e\u003chtml lang=\\\"en\\\"\u003e\u003chead\u003e\u003cscript\u003edataLayer = [{\\\"pageApplication\\\":\\\"front_of_site\\\",\\\"pageType\\\":\\\"homepage\\\",\\\"pageClass\\\":\\\"\"",
        "status": 403
      },
      "url": "https://acme-v02.api.letsencrypt.org/acme/chall-v3/156396442927/bi-x2A",
      "token": "i-_3Ku0-l28wVvD1Ib_PnAOGvZVOrxlvhn3AUOEQi60",
      "validationRecord": [
        {
          "url": "http://www.domain.com/.well-known/acme-challenge/i-_3Ku0-l28wVvD1Ib_PnAOGvZVOrxlvhn3AUOEQi60",
          "hostname": "www.domain.com",
          "port": "80",
          "addressesResolved": [
            "18.221.195.49"
          ],
          "addressUsed": "18.221.195.49"
        },
        {
          "url": "https://www.domain.com/.well-known/acme-challenge/i-_3Ku0-l28wVvD1Ib_PnAOGvZVOrxlvhn3AUOEQi60",
          "hostname": "www.domain.com",
          "port": "443",
          "addressesResolved": [
            "18.221.195.49"
          ],
          "addressUsed": "18.221.195.49"
        },
        {
          "url": "http://www.domain.com/?",
          "hostname": "www.domain.com",
          "port": "80",
          "addressesResolved": [
            "18.221.195.49"
          ],
          "addressUsed": "18.221.195.49"
        },
        {
          "url": "https://www.domain.com/?",
          "hostname": "www.domain.com",
          "port": "443",
          "addressesResolved": [
            "18.221.195.49"
          ],
          "addressUsed": "18.221.195.49"
        }
      ],
      "validated": "2022-09-22T19:28:37Z"
    }
  ]
}
2022-09-22 19:28:38,701:DEBUG:acme.client:Storing nonce: 0002IM4fpJeDo7vKkjPxhQJjI44Ugs4hrC97iBe5MJa1egc
2022-09-22 19:28:38,702:INFO:certbot._internal.auth_handler:Challenge failed for domain domain.com
2022-09-22 19:28:38,702:INFO:certbot._internal.auth_handler:Challenge failed for domain www.domain.com
2022-09-22 19:28:38,702:INFO:certbot._internal.auth_handler:http-01 challenge for domain.com
2022-09-22 19:28:38,702:INFO:certbot._internal.auth_handler:http-01 challenge for www.domain.com
2022-09-22 19:28:38,702:DEBUG:certbot._internal.display.obj:Notifying user: 
Certbot failed to authenticate some domains (authenticator: webroot). The Certificate Authority reported these problems:
  Domain: domain.com
  Type:   unauthorized
  Detail: 18.221.195.49: Invalid response from https://www.domain.com/?: "<!DOCTYPE html><html lang=\"en\"><head><script>dataLayer = [{\"pageApplication\":\"front_of_site\",\"pageType\":\"homepage\",\"pageClass\":\""

  Domain: www.domain.com
  Type:   unauthorized
  Detail: 18.221.195.49: Invalid response from https://www.domain.com/?: "<!DOCTYPE html><html lang=\"en\"><head><script>dataLayer = [{\"pageApplication\":\"front_of_site\",\"pageType\":\"homepage\",\"pageClass\":\""

Hint: The Certificate Authority failed to download the temporary challenge files created by Certbot. Ensure that the listed domains serve their content from the provided --webroot-path/-w and that files created there can be downloaded from the internet.

2022-09-22 19:28:38,702:DEBUG:certbot._internal.error_handler:Encountered exception:
Traceback (most recent call last):
  File "/opt/certbot/src/certbot/certbot/_internal/auth_handler.py", line 106, in handle_authorizations
    self._poll_authorizations(authzrs, max_retries, best_effort)
  File "/opt/certbot/src/certbot/certbot/_internal/auth_handler.py", line 206, in _poll_authorizations
    raise errors.AuthorizationError('Some challenges have failed.')
certbot.errors.AuthorizationError: Some challenges have failed.

2022-09-22 19:28:38,702:DEBUG:certbot._internal.error_handler:Calling registered functions
2022-09-22 19:28:38,702:INFO:certbot._internal.auth_handler:Cleaning up challenges
2022-09-22 19:28:38,702:DEBUG:certbot._internal.plugins.webroot:Removing /var/www/certbot/.well-known/acme-challenge/RQYzUQ9eZ_6or3S88EFV3bYtbqrZuomkcz1SEv83gl4
2022-09-22 19:28:38,703:DEBUG:certbot._internal.plugins.webroot:Removing /var/www/certbot/.well-known/acme-challenge/i-_3Ku0-l28wVvD1Ib_PnAOGvZVOrxlvhn3AUOEQi60
2022-09-22 19:28:38,706:DEBUG:certbot._internal.plugins.webroot:All challenges cleaned up
2022-09-22 19:28:38,706:DEBUG:certbot._internal.log:Exiting abnormally:
Traceback (most recent call last):
  File "/usr/local/bin/certbot", line 33, in <module>
    sys.exit(load_entry_point('certbot', 'console_scripts', 'certbot')())
  File "/opt/certbot/src/certbot/certbot/main.py", line 19, in main
    return internal_main.main(cli_args)
  File "/opt/certbot/src/certbot/certbot/_internal/main.py", line 1744, in main
    return config.func(config, plugins)
  File "/opt/certbot/src/certbot/certbot/_internal/main.py", line 1591, in certonly
    lineage = _get_and_save_cert(le_client, config, domains, certname, lineage)
  File "/opt/certbot/src/certbot/certbot/_internal/main.py", line 141, in _get_and_save_cert
    lineage = le_client.obtain_and_enroll_certificate(domains, certname)
  File "/opt/certbot/src/certbot/certbot/_internal/client.py", line 530, in obtain_and_enroll_certificate
    cert, chain, key, _ = self.obtain_certificate(domains)
  File "/opt/certbot/src/certbot/certbot/_internal/client.py", line 442, in obtain_certificate
    orderr = self._get_order_and_authorizations(csr.data, self.config.allow_subset_of_names)
  File "/opt/certbot/src/certbot/certbot/_internal/client.py", line 510, in _get_order_and_authorizations
    authzr = self.auth_handler.handle_authorizations(orderr, self.config, best_effort)
  File "/opt/certbot/src/certbot/certbot/_internal/auth_handler.py", line 106, in handle_authorizations
    self._poll_authorizations(authzrs, max_retries, best_effort)
  File "/opt/certbot/src/certbot/certbot/_internal/auth_handler.py", line 206, in _poll_authorizations
    raise errors.AuthorizationError('Some challenges have failed.')
certbot.errors.AuthorizationError: Some challenges have failed.
2022-09-22 19:28:38,707:ERROR:certbot._internal.log:Some challenges have failed.
